Proses penarikan data dimulai<br>
[START_TIMESTAMP]: 2025-08-06 10:44:17)<br>
Memproses: Sekolah Tinggi Ilmu Ekonomi Ganesha (033076)<br>
   ✔️ Berhasil tarik & simpan data API  Sekolah Tinggi Ilmu Ekonomi Ganesha (033076)<br>
Memproses: Sekolah Tinggi Manajemen Asuransi Trisakti (033152)<br>
   ✖️ Gagal request API Sekolah Tinggi Manajemen Asuransi Trisakti (033152)<br>
Memproses: Sekolah Tinggi Ilmu Ekonomi Santa Ursula (033183)<br>
   ✖️ Gagal request API Sekolah Tinggi Ilmu Ekonomi Santa Ursula (033183)<br>
Memproses: Sekolah Tinggi Ilmu Kesehatan Mitra Keluarga (033209)<br>
   ✖️ Gagal request API Sekolah Tinggi Ilmu Kesehatan Mitra Keluarga (033209)<br>
Memproses: STIH Litigasi (033210)<br>
   ✔️ Berhasil tarik & simpan data API  STIH Litigasi (033210)<br>
Memproses: Sekolah Tinggi Ilmu Kesehatan Budi Kemuliaan (033215)<br>
   ✔️ Berhasil tarik & simpan data API  Sekolah Tinggi Ilmu Kesehatan Budi Kemuliaan (033215)<br>
Memproses: Sekolah Tinggi Manajemen Informatika dan Komputer Indo Daya Suvana (033216)<br>
   ✔️ Berhasil tarik & simpan data API  Sekolah Tinggi Manajemen Informatika dan Komputer Indo Daya Suvana (033216)<br>
Memproses: Sekolah Tinggi Ilmu Kesehatan RS Husada (033217)<br>
   ✔️ Berhasil tarik & simpan data API  Sekolah Tinggi Ilmu Kesehatan RS Husada (033217)<br>
Memproses: Sekolah Tinggi Ilmu Kesehatan IKIFA (033219)<br>
   ✖️ Gagal request API Sekolah Tinggi Ilmu Kesehatan IKIFA (033219)<br>
Memproses: Sekolah Tinggi Ilmu Kesehatan RSPAD Gatot Soebroto (033220)<br>
   ✔️ Berhasil tarik & simpan data API  Sekolah Tinggi Ilmu Kesehatan RSPAD Gatot Soebroto (033220)<br>
Memproses: Sekolah Tinggi Ilmu Kesehatan Fatmawati (033221)<br>
   ✔️ Berhasil tarik & simpan data API  Sekolah Tinggi Ilmu Kesehatan Fatmawati (033221)<br>
Memproses: Sekolah Tinggi Ilmu Hukum Profesor Gayus Lumbuun (033222)<br>
   ✔️ Berhasil tarik & simpan data API  Sekolah Tinggi Ilmu Hukum Profesor Gayus Lumbuun (033222)<br>
Memproses: Sekolah Tinggi Ilmu Hukum Adhyaksa (033223)<br>
   ✔️ Berhasil tarik & simpan data API  Sekolah Tinggi Ilmu Hukum Adhyaksa (033223)<br>
Memproses: Sekolah Tinggi Ilmu Kesehatan Sumber Waras (033224)<br>
   ✖️ Gagal request API Sekolah Tinggi Ilmu Kesehatan Sumber Waras (033224)<br>
Memproses: Sekolah Tinggi Ilmu Kesehatan Mayapada (033225)<br>
   ✖️ Gagal request API Sekolah Tinggi Ilmu Kesehatan Mayapada (033225)<br>
Memproses: Sekolah Tinggi Manajemen Pariwisata dan Logistik Lentera Mondial (033226)<br>
   ✖️ Gagal request API Sekolah Tinggi Manajemen Pariwisata dan Logistik Lentera Mondial (033226)<br>
Memproses: Sekolah Tinggi Ilmu Kesehatan PGI Cikini (033227)<br>
   ✖️ Gagal request API Sekolah Tinggi Ilmu Kesehatan PGI Cikini (033227)<br>
Memproses: Sekolah Tinggi Teknologi Pekerjaan Umum (033228)<br>
   ✖️ Data tidak ditemukan/format tidak sesuai  Sekolah Tinggi Teknologi Pekerjaan Umum (033228)<br>
Memproses: Sekolah Tinggi Ilmu Kesehatan Pasar Rebo (033229)<br>
   ✖️ Data tidak ditemukan/format tidak sesuai  Sekolah Tinggi Ilmu Kesehatan Pasar Rebo (033229)<br>
Memproses: Sekolah Tinggi Ilmu Kesehatan Keris Husada (033230)<br>
   ✖️ Data tidak ditemukan/format tidak sesuai  Sekolah Tinggi Ilmu Kesehatan Keris Husada (033230)<br>
[END_TIMESTAMP]: 2025-08-06 10:44:43)<br>
Proses selesai<br>
